Command line:
   tb_u1_isim_beh.exe
     -simmode  gui
     -simrunnum  0
     -socket  60287

Mon Jul 31 18:41:45 2017


 Elaboration Time: 0.02 sec

 Current Memory Usage: 235.794 Meg

 Total Signals          : 8
 Total Nets             : 10
 Total Signal Drivers   : 4
 Total Blocks           : 3
 Total Primitive Blocks : 2
 Total Processes        : 3
 Total Traceable Variables  : 9
 Total Scalar Nets and Variables : 371
Total Line Count : 19

 Total Simulation Time: 0.08 sec

 Current Memory Usage: 311.296 Meg

Mon Jul 31 18:42:41 2017

