Command line:
   tb_u3_isim_beh.exe
     -simmode  gui
     -simrunnum  0
     -socket  57525

Thu Jul 27 16:14:15 2017


 Elaboration Time: 0.02 sec

 Current Memory Usage: 235.868 Meg

 Total Signals          : 13
 Total Nets             : 16
 Total Signal Drivers   : 8
 Total Blocks           : 4
 Total Primitive Blocks : 3
 Total Processes        : 3
 Total Traceable Variables  : 14
 Total Scalar Nets and Variables : 500
Total Line Count : 33

 Total Simulation Time: 0.24 sec

 Current Memory Usage: 311.37 Meg

Thu Jul 27 16:14:53 2017

