Command line:
   tb_u4_isim_beh.exe
     -simmode  gui
     -simrunnum  0
     -socket  59341

Sat Jul 29 16:11:29 2017


 Elaboration Time: 0.02 sec

 Current Memory Usage: 235.794 Meg

 Total Signals          : 12
 Total Nets             : 22
 Total Signal Drivers   : 6
 Total Blocks           : 3
 Total Primitive Blocks : 2
 Total Processes        : 2
 Total Traceable Variables  : 8
 Total Scalar Nets and Variables : 382
Total Line Count : 19

 Total Simulation Time: 0.28 sec

 Current Memory Usage: 311.296 Meg

Sat Jul 29 16:12:29 2017

